-------------------------------------------------------------------------------
Test set: BranchTester
-------------------------------------------------------------------------------
Tests run: 1, Failures: 1, Errors: 0, Skipped: 0, Time elapsed: 0.674 s <<< FAILURE! - in BranchTester
testAddBranchSuccessful  Time elapsed: 0.141 s  <<< FAILURE!
org.opentest4j.AssertionFailedError: expected: <true> but was: <false>
	at BranchTester.testAddBranchSuccessful(BranchTester.java:73)

