-------------------------------------------------------------------------------
Test set: ProductTester
-------------------------------------------------------------------------------
Tests run: 1, Failures: 1, Errors: 0, Skipped: 0, Time elapsed: 0.691 s <<< FAILURE! - in ProductTester
testGetProductById  Time elapsed: 0.095 s  <<< FAILURE!
org.opentest4j.AssertionFailedError: expected: <Red Carrot1> but was: <Red Carrot>
	at ProductTester.testGetProductById(ProductTester.java:78)

