<?xml version="1.0" encoding="UTF-8"?>
<testsuite xmlns:xsi="http://www.w3.org/2001/XMLSchema-instance" xsi:noNamespaceSchemaLocation="https://maven.apache.org/surefire/maven-surefire-plugin/xsd/surefire-test-report-3.0.xsd" version="3.0" name="ProductTester" time="0.691" tests="1" errors="0" skipped="0" failures="1">
  <properties>
[...]
</properties>
  <testcase name="testGetProductById" classname="ProductTester" time="0.095">
    <failure message="expected: &lt;Red Carrot1&gt; but was: &lt;Red Carrot&gt;" type="org.opentest4j.AssertionFailedError"><![CDATA[org.opentest4j.AssertionFailedError: expected: <Red Carrot1> but was: <Red Carrot>
	at ProductTester.testGetProductById(ProductTester.java:78)
]]></failure>
  </testcase>
</testsuite>